Arguments: 
  C:\Program Files\nodejs\node.exe C:\Program Files (x86)\Yarn\bin\yarn.js add node-xml2js

PATH: 
  C:\ProgramData\DockerDesktop\version-bin;C:\Program Files\Docker\Docker\Resources\bin;;C:\WINDOWS\system32;C:\WINDOWS;C:\WINDOWS\System32\Wbem;C:\WINDOWS\System32\WindowsPowerShell\v1.0\;C:\WINDOWS\System32\OpenSSH\;C:\Program Files\dotnet\;C:\Program Files\Microsoft SQL Server\130\Tools\Binn\;C:\Program Files (x86)\Microsoft SQL Server\150\DTS\Binn\;C:\Program Files\Git\cmd;C:\Program Files (x86)\GitExtensions\;C:\Program Files\Microsoft SQL Server\Client SDK\ODBC\170\Tools\Binn\;C:\Program Files\Microsoft SQL Server\Client SDK\ODBC\130\Tools\Binn\;C:\Program Files (x86)\Microsoft SQL Server\140\Tools\Binn\;C:\Program Files\Microsoft SQL Server\140\Tools\Binn\;C:\Program Files\Microsoft SQL Server\140\DTS\Binn\;C:\Program Files\nodejs\;C:\Program Files\Microsoft\Web Platform Installer\;C:\Users\nzamarreno\AppData\Local\Microsoft\WindowsApps;C:\Users\nzamarreno\AppData\Local\Programs\Microsoft VS Code\bin;C:\Users\nzamarreno\AppData\Local\Programs\Azure Data Studio\bin;C:\Users\nzamarreno\AppData\Roaming\npm;C:\Program Files (x86)\NuGet;C:\ProgramData\chocolatey\bin;C:\ProgramData\nvm;C:\Program Files\nodejs;C:\Program Files (x86)\Yarn\bin\;C:\Users\nzamarreno\AppData\Local\Microsoft\WindowsApps;C:\Users\nzamarreno\AppData\Local\Programs\Microsoft VS Code\bin;C:\Users\nzamarreno\AppData\Local\Programs\Azure Data Studio\bin;C:\Users\nzamarreno\AppData\Roaming\npm;C:\Program Files (x86)\NuGet;C:\Users\nzamarreno\AppData\Local\Yarn\bin;C:\Users\nzamarreno\.dotnet\tools

Yarn version: 
  1.16.0

Node version: 
  10.16.0

Platform: 
  win32 x64

Trace: 
  Error: https://registry.yarnpkg.com/node-xml2js: Not found
      at Request.params.callback [as _callback] (C:\Program Files (x86)\Yarn\lib\cli.js:65200:18)
      at Request.self.callback (C:\Program Files (x86)\Yarn\lib\cli.js:129590:22)
      at Request.emit (events.js:198:13)
      at Request.<anonymous> (C:\Program Files (x86)\Yarn\lib\cli.js:130562:10)
      at Request.emit (events.js:198:13)
      at IncomingMessage.<anonymous> (C:\Program Files (x86)\Yarn\lib\cli.js:130484:12)
      at Object.onceWrapper (events.js:286:20)
      at IncomingMessage.emit (events.js:203:15)
      at endReadableNT (_stream_readable.js:1129:12)
      at process._tickCallback (internal/process/next_tick.js:63:19)

npm manifest: 
  {
    "name": "trad-core",
    "version": "1.0.0",
    "main": "index.js",
    "license": "MIT",
    "dependencies": {
      "node-fetch": "^2.6.0",
      "recursive-readdir": "^2.2.2",
      "resx-parser": "^1.0.1",
      "xlsx": "^0.14.1",
      "xml-edit": "^1.0.2"
    }
  }

yarn manifest: 
  No manifest

Lockfile: 
  # THIS IS AN AUTOGENERATED FILE. DO NOT EDIT THIS FILE DIRECTLY.
  # yarn lockfile v1
  
  
  adler-32@~1.2.0:
    version "1.2.0"
    resolved "https://registry.yarnpkg.com/adler-32/-/adler-32-1.2.0.tgz#6a3e6bf0a63900ba15652808cb15c6813d1a5f25"
    integrity sha1-aj5r8KY5ALoVZSgIyxXGgT0aXyU=
    dependencies:
      exit-on-epipe "~1.0.1"
      printj "~1.1.0"
  
  babel-polyfill@^6.9.1:
    version "6.26.0"
    resolved "https://registry.yarnpkg.com/babel-polyfill/-/babel-polyfill-6.26.0.tgz#379937abc67d7895970adc621f284cd966cf2153"
    integrity sha1-N5k3q8Z9eJWXCtxiHyhM2WbPIVM=
    dependencies:
      babel-runtime "^6.26.0"
      core-js "^2.5.0"
      regenerator-runtime "^0.10.5"
  
  babel-runtime@^6.26.0:
    version "6.26.0"
    resolved "https://registry.yarnpkg.com/babel-runtime/-/babel-runtime-6.26.0.tgz#965c7058668e82b55d7bfe04ff2337bc8b5647fe"
    integrity sha1-llxwWGaOgrVde/4E/yM3vItWR/4=
    dependencies:
      core-js "^2.4.0"
      regenerator-runtime "^0.11.0"
  
  balanced-match@^1.0.0:
    version "1.0.0"
    resolved "https://registry.yarnpkg.com/balanced-match/-/balanced-match-1.0.0.tgz#89b4d199ab2bee49de164ea02b89ce462d71b767"
    integrity sha1-ibTRmasr7kneFk6gK4nORi1xt2c=
  
  brace-expansion@^1.1.7:
    version "1.1.11"
    resolved "https://registry.yarnpkg.com/brace-expansion/-/brace-expansion-1.1.11.tgz#3c7fcbf529d87226f3d2f52b966ff5271eb441dd"
    integrity sha512-iCuPHDFgrHX7H2vEI/5xpz07zSHB00TpugqhmYtVmMO6518mCuRMoOYFldEBl0g187ufozdaHgWKcYFb61qGiA==
    dependencies:
      balanced-match "^1.0.0"
      concat-map "0.0.1"
  
  camel-case@^3.0.0:
    version "3.0.0"
    resolved "https://registry.yarnpkg.com/camel-case/-/camel-case-3.0.0.tgz#ca3c3688a4e9cf3a4cda777dc4dcbc713249cf73"
    integrity sha1-yjw2iKTpzzpM2nd9xNy8cTJJz3M=
    dependencies:
      no-case "^2.2.0"
      upper-case "^1.1.1"
  
  cfb@^1.1.0:
    version "1.1.0"
    resolved "https://registry.yarnpkg.com/cfb/-/cfb-1.1.0.tgz#44fb1b30eee014fa5633a0ed5f26c87fd765799a"
    integrity sha512-ZqfxNGWTMKhd0a/n6YKJLq8hWbd5kR3cA4kXwUj9vVEdHlwJ09werR8gN15Z7Y1FTXqdD6dE3GGCxv4uc28raA==
    dependencies:
      adler-32 "~1.2.0"
      commander "^2.16.0"
      crc-32 "~1.2.0"
      printj "~1.1.2"
  
  change-case@^3.0.0:
    version "3.1.0"
    resolved "https://registry.yarnpkg.com/change-case/-/change-case-3.1.0.tgz#0e611b7edc9952df2e8513b27b42de72647dd17e"
    integrity sha512-2AZp7uJZbYEzRPsFoa+ijKdvp9zsrnnt6+yFokfwEpeJm0xuJDVoxiRCAaTzyJND8GJkofo2IcKWaUZ/OECVzw==
    dependencies:
      camel-case "^3.0.0"
      constant-case "^2.0.0"
      dot-case "^2.1.0"
      header-case "^1.0.0"
      is-lower-case "^1.1.0"
      is-upper-case "^1.1.0"
      lower-case "^1.1.1"
      lower-case-first "^1.0.0"
      no-case "^2.3.2"
      param-case "^2.1.0"
      pascal-case "^2.0.0"
      path-case "^2.1.0"
      sentence-case "^2.1.0"
      snake-case "^2.1.0"
      swap-case "^1.1.0"
      title-case "^2.1.0"
      upper-case "^1.1.1"
      upper-case-first "^1.1.0"
  
  codepage@~1.14.0:
    version "1.14.0"
    resolved "https://registry.yarnpkg.com/codepage/-/codepage-1.14.0.tgz#8cbe25481323559d7d307571b0fff91e7a1d2f99"
    integrity sha1-jL4lSBMjVZ19MHVxsP/5HnodL5k=
    dependencies:
      commander "~2.14.1"
      exit-on-epipe "~1.0.1"
  
  commander@^2.16.0:
    version "2.19.0"
    resolved "https://registry.yarnpkg.com/commander/-/commander-2.19.0.tgz#f6198aa84e5b83c46054b94ddedbfed5ee9ff12a"
    integrity sha512-6tvAOO+D6OENvRAh524Dh9jcfKTYDQAqvqezbCW82xj5X0pSrcpxtvRKHLG0yBY6SD7PSDrJaj+0AiOcKVd1Xg==
  
  commander@~2.14.1:
    version "2.14.1"
    resolved "https://registry.yarnpkg.com/commander/-/commander-2.14.1.tgz#2235123e37af8ca3c65df45b026dbd357b01b9aa"
    integrity sha512-+YR16o3rK53SmWHU3rEM3tPAh2rwb1yPcQX5irVn7mb0gXbwuCCrnkbV5+PBfETdfg1vui07nM6PCG1zndcjQw==
  
  commander@~2.17.1:
    version "2.17.1"
    resolved "https://registry.yarnpkg.com/commander/-/commander-2.17.1.tgz#bd77ab7de6de94205ceacc72f1716d29f20a77bf"
    integrity sha512-wPMUt6FnH2yzG95SA6mzjQOEKUU3aLaDEmzs1ti+1E9h+CsrZghRlqEM/EJ4KscsQVG8uNN4uVreUeT8+drlgg==
  
  concat-map@0.0.1:
    version "0.0.1"
    resolved "https://registry.yarnpkg.com/concat-map/-/concat-map-0.0.1.tgz#d8a96bd77fd68df7793a73036a3ba0d5405d477b"
    integrity sha1-2Klr13/Wjfd5OnMDajug1UBdR3s=
  
  constant-case@^2.0.0:
    version "2.0.0"
    resolved "https://registry.yarnpkg.com/constant-case/-/constant-case-2.0.0.tgz#4175764d389d3fa9c8ecd29186ed6005243b6a46"
    integrity sha1-QXV2TTidP6nI7NKRhu1gBSQ7akY=
    dependencies:
      snake-case "^2.1.0"
      upper-case "^1.1.1"
  
  core-js@^2.4.0, core-js@^2.5.0:
    version "2.6.5"
    resolved "https://registry.yarnpkg.com/core-js/-/core-js-2.6.5.tgz#44bc8d249e7fb2ff5d00e0341a7ffb94fbf67895"
    integrity sha512-klh/kDpwX8hryYL14M9w/xei6vrv6sE8gTHDG7/T/+SEovB/G4ejwcfE/CBzO6Edsu+OETZMZ3wcX/EjUkrl5A==
  
  crc-32@~1.2.0:
    version "1.2.0"
    resolved "https://registry.yarnpkg.com/crc-32/-/crc-32-1.2.0.tgz#cb2db6e29b88508e32d9dd0ec1693e7b41a18208"
    integrity sha512-1uBwHxF+Y/4yF5G48fwnKq6QsIXheor3ZLPT80yGBV1oEUwpPojlEhQbWKVw1VwcTQyMGHK1/XMmTjmlsmTTGA==
    dependencies:
      exit-on-epipe "~1.0.1"
      printj "~1.1.0"
  
  dot-case@^2.1.0:
    version "2.1.1"
    resolved "https://registry.yarnpkg.com/dot-case/-/dot-case-2.1.1.tgz#34dcf37f50a8e93c2b3bca8bb7fb9155c7da3bee"
    integrity sha1-NNzzf1Co6TwrO8qLt/uRVcfaO+4=
    dependencies:
      no-case "^2.2.0"
  
  exit-on-epipe@~1.0.1:
    version "1.0.1"
    resolved "https://registry.yarnpkg.com/exit-on-epipe/-/exit-on-epipe-1.0.1.tgz#0bdd92e87d5285d267daa8171d0eb06159689692"
    integrity sha512-h2z5mrROTxce56S+pnvAV890uu7ls7f1kEvVGJbw1OlFH3/mlJ5bkXu0KRyW94v37zzHPiUd55iLn3DA7TjWpw==
  
  frac@~1.1.2:
    version "1.1.2"
    resolved "https://registry.yarnpkg.com/frac/-/frac-1.1.2.tgz#3d74f7f6478c88a1b5020306d747dc6313c74d0b"
    integrity sha512-w/XBfkibaTl3YDqASwfDUqkna4Z2p9cFSr1aHDt0WoMTECnRfBOv2WArlZILlqgWlmdIlALXGpM2AOhEk5W3IA==
  
  header-case@^1.0.0:
    version "1.0.1"
    resolved "https://registry.yarnpkg.com/header-case/-/header-case-1.0.1.tgz#9535973197c144b09613cd65d317ef19963bd02d"
    integrity sha1-lTWXMZfBRLCWE81l0xfvGZY70C0=
    dependencies:
      no-case "^2.2.0"
      upper-case "^1.1.3"
  
  is-lower-case@^1.1.0:
    version "1.1.3"
    resolved "https://registry.yarnpkg.com/is-lower-case/-/is-lower-case-1.1.3.tgz#7e147be4768dc466db3bfb21cc60b31e6ad69393"
    integrity sha1-fhR75HaNxGbbO/shzGCzHmrWk5M=
    dependencies:
      lower-case "^1.1.0"
  
  is-stream@^1.1.0:
    version "1.1.0"
    resolved "https://registry.yarnpkg.com/is-stream/-/is-stream-1.1.0.tgz#12d4a3dd4e68e0b79ceb8dbc84173ae80d91ca44"
    integrity sha1-EtSj3U5o4Lec6428hBc66A2RykQ=
  
  is-upper-case@^1.1.0:
    version "1.1.2"
    resolved "https://registry.yarnpkg.com/is-upper-case/-/is-upper-case-1.1.2.tgz#8d0b1fa7e7933a1e58483600ec7d9661cbaf756f"
    integrity sha1-jQsfp+eTOh5YSDYA7H2WYcuvdW8=
    dependencies:
      upper-case "^1.1.0"
  
  lower-case-first@^1.0.0:
    version "1.0.2"
    resolved "https://registry.yarnpkg.com/lower-case-first/-/lower-case-first-1.0.2.tgz#e5da7c26f29a7073be02d52bac9980e5922adfa1"
    integrity sha1-5dp8JvKacHO+AtUrrJmA5ZIq36E=
    dependencies:
      lower-case "^1.1.2"
  
  lower-case@^1.1.0, lower-case@^1.1.1, lower-case@^1.1.2:
    version "1.1.4"
    resolved "https://registry.yarnpkg.com/lower-case/-/lower-case-1.1.4.tgz#9a2cabd1b9e8e0ae993a4bf7d5875c39c42e8eac"
    integrity sha1-miyr0bno4K6ZOkv31YdcOcQujqw=
  
  minimatch@3.0.4:
    version "3.0.4"
    resolved "https://registry.yarnpkg.com/minimatch/-/minimatch-3.0.4.tgz#5166e286457f03306064be5497e8dbb0c3d32083"
    integrity sha512-yJHVQEhyqPLUTgt9B83PXu6W3rx4MvvHvSUvToogpwoGDOUQ+yDrR0HRot+yOCdCO7u4hX3pWft6kWBBcqh0UA==
    dependencies:
      brace-expansion "^1.1.7"
  
  no-case@^2.2.0, no-case@^2.3.2:
    version "2.3.2"
    resolved "https://registry.yarnpkg.com/no-case/-/no-case-2.3.2.tgz#60b813396be39b3f1288a4c1ed5d1e7d28b464ac"
    integrity sha512-rmTZ9kz+f3rCvK2TD1Ue/oZlns7OGoIWP4fc3llxxRXlOkHKoWPPWJOfFYpITabSow43QJbRIoHQXtt10VldyQ==
    dependencies:
      lower-case "^1.1.1"
  
  node-fetch@^2.6.0:
    version "2.6.0"
    resolved "https://registry.yarnpkg.com/node-fetch/-/node-fetch-2.6.0.tgz#e633456386d4aa55863f676a7ab0daa8fdecb0fd"
    integrity sha512-8dG4H5ujfvFiqDmVu9fQ5bOHUC15JMjMY/Zumv26oOvvVJjM67KF8koCWIabKQ1GJIa9r2mMZscBq/TbdOcmNA==
  
  param-case@^2.1.0:
    version "2.1.1"
    resolved "https://registry.yarnpkg.com/param-case/-/param-case-2.1.1.tgz#df94fd8cf6531ecf75e6bef9a0858fbc72be2247"
    integrity sha1-35T9jPZTHs915r75oIWPvHK+Ikc=
    dependencies:
      no-case "^2.2.0"
  
  pascal-case@^2.0.0:
    version "2.0.1"
    resolved "https://registry.yarnpkg.com/pascal-case/-/pascal-case-2.0.1.tgz#2d578d3455f660da65eca18ef95b4e0de912761e"
    integrity sha1-LVeNNFX2YNpl7KGO+VtODekSdh4=
    dependencies:
      camel-case "^3.0.0"
      upper-case-first "^1.1.0"
  
  path-case@^2.1.0:
    version "2.1.1"
    resolved "https://registry.yarnpkg.com/path-case/-/path-case-2.1.1.tgz#94b8037c372d3fe2906e465bb45e25d226e8eea5"
    integrity sha1-lLgDfDctP+KQbkZbtF4l0ibo7qU=
    dependencies:
      no-case "^2.2.0"
  
  printj@~1.1.0, printj@~1.1.2:
    version "1.1.2"
    resolved "https://registry.yarnpkg.com/printj/-/printj-1.1.2.tgz#d90deb2975a8b9f600fb3a1c94e3f4c53c78a222"
    integrity sha512-zA2SmoLaxZyArQTOPj5LXecR+RagfPSU5Kw1qP+jkWeNlrq+eJZyY2oS68SU1Z/7/myXM4lo9716laOFAVStCQ==
  
  recursive-readdir@^2.2.2:
    version "2.2.2"
    resolved "https://registry.yarnpkg.com/recursive-readdir/-/recursive-readdir-2.2.2.tgz#9946fb3274e1628de6e36b2f6714953b4845094f"
    integrity sha512-nRCcW9Sj7NuZwa2XvH9co8NPeXUBhZP7CRKJtU+cS6PW9FpCIFoI5ib0NT1ZrbNuPoRy0ylyCaUL8Gih4LSyFg==
    dependencies:
      minimatch "3.0.4"
  
  regenerator-runtime@^0.10.5:
    version "0.10.5"
    resolved "https://registry.yarnpkg.com/regenerator-runtime/-/regenerator-runtime-0.10.5.tgz#336c3efc1220adcedda2c9fab67b5a7955a33658"
    integrity sha1-M2w+/BIgrc7dosn6tntaeVWjNlg=
  
  regenerator-runtime@^0.11.0:
    version "0.11.1"
    resolved "https://registry.yarnpkg.com/regenerator-runtime/-/regenerator-runtime-0.11.1.tgz#be05ad7f9bf7d22e056f9726cee5017fbf19e2e9"
    integrity sha512-MguG95oij0fC3QV3URf4V2SDYGJhJnJGqvIIgdECeODCT98wSWDAJ94SSuVpYQUoTcGUIL6L4yNB7j1DFFHSBg==
  
  resx-parser@^1.0.1:
    version "1.0.1"
    resolved "https://registry.yarnpkg.com/resx-parser/-/resx-parser-1.0.1.tgz#ea4ed3578cd971803ab96bcd378ab82373e5b736"
    integrity sha1-6k7TV4zZcYA6uWvNN4q4I3PltzY=
    dependencies:
      babel-polyfill "^6.9.1"
      change-case "^3.0.0"
      xml2js "^0.4.16"
  
  sax@>=0.6.0, sax@^1.2.1:
    version "1.2.4"
    resolved "https://registry.yarnpkg.com/sax/-/sax-1.2.4.tgz#2816234e2378bddc4e5354fab5caa895df7100d9"
    integrity sha512-NqVDv9TpANUjFm0N8uM5GxL36UgKi9/atZw+x7YFnQ8ckwFGKrl4xX4yWtrey3UJm5nP1kUbnYgLopqWNSRhWw==
  
  sentence-case@^2.1.0:
    version "2.1.1"
    resolved "https://registry.yarnpkg.com/sentence-case/-/sentence-case-2.1.1.tgz#1f6e2dda39c168bf92d13f86d4a918933f667ed4"
    integrity sha1-H24t2jnBaL+S0T+G1KkYkz9mftQ=
    dependencies:
      no-case "^2.2.0"
      upper-case-first "^1.1.2"
  
  snake-case@^2.1.0:
    version "2.1.0"
    resolved "https://registry.yarnpkg.com/snake-case/-/snake-case-2.1.0.tgz#41bdb1b73f30ec66a04d4e2cad1b76387d4d6d9f"
    integrity sha1-Qb2xtz8w7GagTU4srRt2OH1NbZ8=
    dependencies:
      no-case "^2.2.0"
  
  ssf@~0.10.2:
    version "0.10.2"
    resolved "https://registry.yarnpkg.com/ssf/-/ssf-0.10.2.tgz#65b2b4fcdfd967bc8e8383a41349009893115976"
    integrity sha512-rDhAPm9WyIsY8eZEKyE8Qsotb3j/wBdvMWBUsOhJdfhKGLfQidRjiBUV0y/MkyCLiXQ38FG6LWW/VYUtqlIDZQ==
    dependencies:
      frac "~1.1.2"
  
  swap-case@^1.1.0:
    version "1.1.2"
    resolved "https://registry.yarnpkg.com/swap-case/-/swap-case-1.1.2.tgz#c39203a4587385fad3c850a0bd1bcafa081974e3"
    integrity sha1-w5IDpFhzhfrTyFCgvRvK+ggZdOM=
    dependencies:
      lower-case "^1.1.1"
      upper-case "^1.1.1"
  
  title-case@^2.1.0:
    version "2.1.1"
    resolved "https://registry.yarnpkg.com/title-case/-/title-case-2.1.1.tgz#3e127216da58d2bc5becf137ab91dae3a7cd8faa"
    integrity sha1-PhJyFtpY0rxb7PE3q5Ha46fNj6o=
    dependencies:
      no-case "^2.2.0"
      upper-case "^1.0.3"
  
  upper-case-first@^1.1.0, upper-case-first@^1.1.2:
    version "1.1.2"
    resolved "https://registry.yarnpkg.com/upper-case-first/-/upper-case-first-1.1.2.tgz#5d79bedcff14419518fd2edb0a0507c9b6859115"
    integrity sha1-XXm+3P8UQZUY/S7bCgUHybaFkRU=
    dependencies:
      upper-case "^1.1.1"
  
  upper-case@^1.0.3, upper-case@^1.1.0, upper-case@^1.1.1, upper-case@^1.1.3:
    version "1.1.3"
    resolved "https://registry.yarnpkg.com/upper-case/-/upper-case-1.1.3.tgz#f6b4501c2ec4cdd26ba78be7222961de77621598"
    integrity sha1-9rRQHC7EzdJrp4vnIilh3ndiFZg=
  
  xlsx@^0.14.1:
    version "0.14.1"
    resolved "https://registry.yarnpkg.com/xlsx/-/xlsx-0.14.1.tgz#ecedf536bd1e94055486ff484f5888dcaa89bd3d"
    integrity sha512-7hjB5YuyJo1fuuzXQjwuxD8LSUzE4Rxu5ToC3fB5JSunZxGjLcgKg69bEFG9GYoxeVDx5GL0k1dUodlvaQNRQw==
    dependencies:
      adler-32 "~1.2.0"
      cfb "^1.1.0"
      codepage "~1.14.0"
      commander "~2.17.1"
      crc-32 "~1.2.0"
      exit-on-epipe "~1.0.1"
      ssf "~0.10.2"
  
  xml-edit@^1.0.2:
    version "1.0.2"
    resolved "https://registry.yarnpkg.com/xml-edit/-/xml-edit-1.0.2.tgz#13ddf290c477ec2faa6e0c0a406b3010565eaf19"
    integrity sha1-E93ykMR37C+qbgwKQGswEFZerxk=
    dependencies:
      is-stream "^1.1.0"
      sax "^1.2.1"
  
  xml2js@^0.4.16:
    version "0.4.19"
    resolved "https://registry.yarnpkg.com/xml2js/-/xml2js-0.4.19.tgz#686c20f213209e94abf0d1bcf1efaa291c7827a7"
    integrity sha512-esZnJZJOiJR9wWKMyuvSE1y6Dq5LCuJanqhxslH2bxM6duahNZ+HMpCLhBQGZkbX6xRf8x1Y2eJlgt2q3qo49Q==
    dependencies:
      sax ">=0.6.0"
      xmlbuilder "~9.0.1"
  
  xmlbuilder@~9.0.1:
    version "9.0.7"
    resolved "https://registry.yarnpkg.com/xmlbuilder/-/xmlbuilder-9.0.7.tgz#132ee63d2ec5565c557e20f4c22df9aca686b10d"
    integrity sha1-Ey7mPS7FVlxVfiD0wi35rKaGsQ0=
